<?xml version="1.0" encoding="UTF-8"?>
<!-- Generated by org.testng.reporters.JUnitReportReporter -->
<testsuite skipped="0" hostname="DESKTOP-68BCR7S" name="com.sgtesting.tests.users.User" tests="1" failures="0" timestamp="2023-05-20T13:50:50 IST" time="1.803" errors="0">
  <testcase name="createUser" time="1.803" classname="com.sgtesting.tests.users.User"/>
  <system-out/>
</testsuite> <!-- com.sgtesting.tests.users.User -->
