<?xml version="1.0" encoding="UTF-8"?>
<!-- Generated by org.testng.reporters.JUnitReportReporter -->
<testsuite skipped="0" hostname="DESKTOP-68BCR7S" name="com.sgtesting.pojo.testcases.UserTestCase" tests="1" failures="0" timestamp="2023-05-21T12:41:27 IST" time="2.101" errors="0">
  <testcase name="createUser" time="2.101" classname="com.sgtesting.pojo.testcases.UserTestCase"/>
  <system-out/>
</testsuite> <!-- com.sgtesting.pojo.testcases.UserTestCase -->
